<?xml version="1.0" encoding="UTF-8"?>
<!-- Generated by org.testng.reporters.JUnitReportReporter -->
<testsuite hostname="DRCK-PC" failures="0" tests="1" name="test.FBSignUpExtentReport" time="9.495" errors="0" timestamp="2023-04-22T15:52:21 PST" skipped="0">
  <testcase classname="test.FBSignUpExtentReport" name="signUpTest" time="9.495"/>
  <system-out/>
</testsuite> <!-- test.FBSignUpExtentReport -->
